#
# There is insufficient memory for the Java Runtime Environment to continue.
# Native memory allocation (mmap) failed to map 100663296 bytes for Failed to commit area from 0x00000000a0e00000 to 0x00000000a6e00000 of length 100663296.
# Possible reasons:
#   The system is out of physical RAM or swap space
#   The process is running with CompressedOops enabled, and the Java Heap may be blocking the growth of the native heap
# Possible solutions:
#   Reduce memory load on the system
#   Increase physical memory or swap space
#   Check if swap backing store is full
#   Decrease Java heap size (-Xmx/-Xms)
#   Decrease number of Java threads
#   Decrease Java thread stack sizes (-Xss)
#   Set larger code cache with -XX:ReservedCodeCacheSize=
# This output file may be truncated or incomplete.
#
#  Out of Memory Error (c:/BuildAgent/work/5ff2f6c26000d570/src/hotspot/os/windows/os_windows.cpp:3291), pid=22028, tid=22128
#
# JRE version:  (11.0.5+10) (build )
# Java VM: OpenJDK 64-Bit Server VM (11.0.5+10-b520.38, mixed mode, aot, sharing, tiered, compressed oops, g1 gc, windows-amd64)
# No core dump will be written. Minidumps are not enabled by default on client versions of Windows
#

---------------  S U M M A R Y ------------

Command Line: org.jetbrains.git4idea.nativessh.GitNativeSshAskPassApp Enter passphrase for key '/c/Users/maste/.ssh/id_rsa': 

Host: AMD Ryzen 5 3500U with Radeon Vega Mobile Gfx  , 8 cores, 5G,  Windows 10 , 64 bit Build 19041 (10.0.19041.1023)
Time: Fri Jul 30 19:51:27 2021 RTZ 2 (зима) elapsed time: 0 seconds (0d 0h 0m 0s)

---------------  T H R E A D  ---------------

Current thread (0x000001fef7d09000):  JavaThread "Unknown thread" [_thread_in_vm, id=22128, stack(0x000000e774400000,0x000000e774500000)]

Stack: [0x000000e774400000,0x000000e774500000]
Native frames: (J=compiled Java code, j=interpreted, Vv=VM code, C=native code)
V  [jvm.dll+0x5dcafa]
V  [jvm.dll+0x70e375]
V  [jvm.dll+0x70f898]
V  [jvm.dll+0x70ff63]
V  [jvm.dll+0x23e238]
V  [jvm.dll+0x5da1c4]
V  [jvm.dll+0x5cf265]
V  [jvm.dll+0x2fac3b]
V  [jvm.dll+0x2fabaa]
V  [jvm.dll+0x2faa82]
V  [jvm.dll+0x2ff956]
V  [jvm.dll+0x3480d3]
V  [jvm.dll+0x3487d6]
V  [jvm.dll+0x3481d3]
V  [jvm.dll+0x2d5548]
V  [jvm.dll+0x2d66e7]
V  [jvm.dll+0x6ed237]
V  [jvm.dll+0x6eea2c]
V  [jvm.dll+0x355849]
V  [jvm.dll+0x6d239e]
V  [jvm.dll+0x3be283]
V  [jvm.dll+0x3c0701]
C  [jli.dll+0x5363]
C  [ucrtbase.dll+0x21bb2]
C  [KERNEL32.DLL+0x17034]
C  [ntdll.dll+0x52651]


---------------  P R O C E S S  ---------------

Threads class SMR info:
_java_thread_list=0x000001fef5b40350, length=0, elements={
}

Java Threads: ( => current thread )

Other Threads:
  0x000001fef7d1f800 GCTaskThread "GC Thread#0" [stack: 0x000000e774500000,0x000000e774600000] [id=22208]
  0x000001fef7d47800 ConcurrentGCThread "G1 Main Marker" [stack: 0x000000e774600000,0x000000e774700000] [id=20152]
  0x000001fef7d4b000 ConcurrentGCThread "G1 Conc#0" [stack: 0x000000e774700000,0x000000e774800000] [id=7360]

[error occurred during error reporting (printing all threads), id 0xc0000005, EXCEPTION_ACCESS_VIOLATION (0xc0000005) at pc=0x00007ff9a21d5c17]

VM state:not at safepoint (not fully initialized)

VM Mutex/Monitor currently owned by a thread:  ([mutex/lock_event])
[0x000001fef7d05920] Heap_lock - owner thread: 0x000001fef7d09000

Heap address: 0x00000000a0e00000, size: 1522 MB, Compressed Oops mode: Non-zero based: 0x00000000a0e00000
Narrow klass base: 0x0000000000000000, Narrow klass shift: 0

GC Heap History (0 events):
No events

Deoptimization events (0 events):
No events

Classes redefined (0 events):
No events

Internal exceptions (0 events):
No events

Events (0 events):
No events


Dynamic libraries:
0x00007ff603ad0000 - 0x00007ff603ada000 	C:\Program Files\JetBrains\PhpStorm 2019.3.3\jbr\bin\java.exe
0x00007ffa02e10000 - 0x00007ffa03005000 	C:\WINDOWS\SYSTEM32\ntdll.dll
0x00007ffa02ca0000 - 0x00007ffa02d5d000 	C:\WINDOWS\System32\KERNEL32.DLL
0x00007ffa009c0000 - 0x00007ffa00c89000 	C:\WINDOWS\System32\KERNELBASE.dll
0x00007ffa00730000 - 0x00007ffa00830000 	C:\WINDOWS\System32\ucrtbase.dll
0x00007ff9fb5f0000 - 0x00007ff9fb607000 	C:\Program Files\JetBrains\PhpStorm 2019.3.3\jbr\bin\VCRUNTIME140.dll
0x00007ff9f01a0000 - 0x00007ff9f01b9000 	C:\Program Files\JetBrains\PhpStorm 2019.3.3\jbr\bin\jli.dll
0x00007ffa024b0000 - 0x00007ffa02650000 	C:\WINDOWS\System32\USER32.dll
0x00007ff9f1930000 - 0x00007ff9f1bca000 	C:\WINDOWS\WinSxS\amd64_microsoft.windows.common-controls_6595b64144ccf1df_6.0.19041.1110_none_60b5254171f9507e\COMCTL32.dll
0x00007ffa00550000 - 0x00007ffa00572000 	C:\WINDOWS\System32\win32u.dll
0x00007ffa021d0000 - 0x00007ffa021fa000 	C:\WINDOWS\System32\GDI32.dll
0x00007ffa00620000 - 0x00007ffa0072b000 	C:\WINDOWS\System32\gdi32full.dll
0x00007ffa00580000 - 0x00007ffa0061d000 	C:\WINDOWS\System32\msvcp_win.dll
0x00007ffa023b0000 - 0x00007ffa0244e000 	C:\WINDOWS\System32\msvcrt.dll
0x00007ffa02b40000 - 0x00007ffa02b70000 	C:\WINDOWS\System32\IMM32.DLL
0x00007ff9e2a50000 - 0x00007ff9e2aed000 	C:\Program Files\JetBrains\PhpStorm 2019.3.3\jbr\bin\msvcp140.dll
0x00007ff9a1ef0000 - 0x00007ff9a29ab000 	C:\Program Files\JetBrains\PhpStorm 2019.3.3\jbr\bin\server\jvm.dll
0x00007ffa01530000 - 0x00007ffa015dc000 	C:\WINDOWS\System32\ADVAPI32.dll
0x00007ffa01d80000 - 0x00007ffa01e1b000 	C:\WINDOWS\System32\sechost.dll
0x00007ffa01f50000 - 0x00007ffa0207a000 	C:\WINDOWS\System32\RPCRT4.dll
0x00007ffa02b30000 - 0x00007ffa02b38000 	C:\WINDOWS\System32\PSAPI.DLL
0x00007ff9f6f00000 - 0x00007ff9f6f27000 	C:\WINDOWS\SYSTEM32\WINMM.dll
0x00007ff9fb850000 - 0x00007ff9fb859000 	C:\WINDOWS\SYSTEM32\WSOCK32.dll
0x00007ffa02d60000 - 0x00007ffa02dcb000 	C:\WINDOWS\System32\WS2_32.dll
0x00007ff9f9ed0000 - 0x00007ff9f9eda000 	C:\WINDOWS\SYSTEM32\VERSION.dll
0x00007ff9fe440000 - 0x00007ff9fe452000 	C:\WINDOWS\SYSTEM32\kernel.appcore.dll
0x00007ff9f01c0000 - 0x00007ff9f01d1000 	C:\Program Files\JetBrains\PhpStorm 2019.3.3\jbr\bin\verify.dll
0x00007ff9eda00000 - 0x00007ff9edbe4000 	C:\WINDOWS\SYSTEM32\DBGHELP.DLL
0x00007ff9ed760000 - 0x00007ff9ed78c000 	C:\WINDOWS\SYSTEM32\dbgcore.DLL
0x00007ffa00c90000 - 0x00007ffa00d13000 	C:\WINDOWS\System32\bcryptPrimitives.dll
0x00007ff9efc40000 - 0x00007ff9efc69000 	C:\Program Files\JetBrains\PhpStorm 2019.3.3\jbr\bin\java.dll
0x00007ff9e6fe0000 - 0x00007ff9e6ff7000 	C:\Program Files\JetBrains\PhpStorm 2019.3.3\jbr\bin\zip.dll
0x00007ff9f18a0000 - 0x00007ff9f18ab000 	C:\Program Files\JetBrains\PhpStorm 2019.3.3\jbr\bin\jimage.dll

dbghelp: loaded successfully - version: 4.0.5 - missing functions: none
symbol engine: initialized successfully - sym options: 0x614 - pdb path: .;C:\Program Files\JetBrains\PhpStorm 2019.3.3\jbr\bin;C:\WINDOWS\SYSTEM32;C:\WINDOWS\WinSxS\amd64_microsoft.windows.common-controls_6595b64144ccf1df_6.0.19041.1110_none_60b5254171f9507e;C:\Program Files\JetBrains\PhpStorm 2019.3.3\jbr\bin\server

VM Arguments:
java_command: org.jetbrains.git4idea.nativessh.GitNativeSshAskPassApp Enter passphrase for key '/c/Users/maste/.ssh/id_rsa': 
java_class_path (initial): C:/Program Files/JetBrains/PhpStorm 2019.3.3/plugins/git4idea/lib/git4idea-rt.jar;C:/Program Files/JetBrains/PhpStorm 2019.3.3/lib/xmlrpc-2.0.1.jar;C:/Program Files/JetBrains/PhpStorm 2019.3.3/lib/commons-codec-1.13.jar;C:/Program Files/JetBrains/PhpStorm 2019.3.3/lib/util.jar
Launcher Type: SUN_STANDARD

[Global flags]
     intx CICompilerCount                          = 4                                         {product} {ergonomic}
     uint ConcGCThreads                            = 2                                         {product} {ergonomic}
     uint G1ConcRefinementThreads                  = 8                                         {product} {ergonomic}
   size_t G1HeapRegionSize                         = 1048576                                   {product} {ergonomic}
    uintx GCDrainStackTargetSize                   = 64                                        {product} {ergonomic}
   size_t InitialHeapSize                          = 100663296                                 {product} {ergonomic}
   size_t MarkStackSize                            = 4194304                                   {product} {ergonomic}
   size_t MaxHeapSize                              = 1595932672                                {product} {ergonomic}
   size_t MinHeapDeltaBytes                        = 1048576                                   {product} {ergonomic}
    uintx NonNMethodCodeHeapSize                   = 5836300                                {pd product} {ergonomic}
    uintx NonProfiledCodeHeapSize                  = 122910970                              {pd product} {ergonomic}
    uintx ProfiledCodeHeapSize                     = 122910970                              {pd product} {ergonomic}
    uintx ReservedCodeCacheSize                    = 251658240                              {pd product} {ergonomic}
     bool SegmentedCodeCache                       = true                                      {product} {ergonomic}
     bool UseCompressedClassPointers               = true                                 {lp64_product} {ergonomic}
     bool UseCompressedOops                        = true                                 {lp64_product} {ergonomic}
     bool UseG1GC                                  = true                                      {product} {ergonomic}
     bool UseLargePagesIndividualAllocation        = false                                  {pd product} {ergonomic}

Logging:
Log output configuration:
 #0: stdout all=warning uptime,level,tags
 #1: stderr all=off uptime,level,tags

Environment Variables:
PATH=C:\Program Files\Git\mingw64\libexec\git-core;C:\Program Files\Git\mingw64\bin;C:\Program Files\Git\usr\bin;C:\Users\maste\bin;C:\Program Files (x86)\Common Files\Oracle\Java\javapath;C:\Python38\Scripts;C:\Python38;C:\WINDOWS\system32;C:\WINDOWS;C:\WINDOWS\System32\Wbem;C:\WINDOWS\System32\WindowsPowerShell\v1.0;C:\WINDOWS\System32\OpenSSH;C:\Program Files\PuTTY;C:\php;C:\composer;C:\HashiCorp\Vagrant\bin;C:\Program Files\nodejs;C:\ProgramData\chocolatey\bin;C:\Program Files\Git\cmd;C:\Program Files\Docker\Docker\resources\bin;C:\ProgramData\DockerDesktop\version-bin;C:\Users\maste\AppData\Local\Microsoft\WindowsApps;C:\Users\maste\AppData\Roaming\Composer\vendor\bin;C:\Program Files\JetBrains\PhpStorm 2019.3.3\bin;C:\Users\maste\AppData\Roaming\npm;C:\Users\maste\AppData\Roaming\Python\Python38\Scripts;C:\Program Files\Java\jre1.8.0_271\bin
USERNAME=sag
DISPLAY=:0.0
OS=Windows_NT
PROCESSOR_IDENTIFIER=AMD64 Family 23 Model 24 Stepping 1, AuthenticAMD



---------------  S Y S T E M  ---------------

OS: Windows 10 , 64 bit Build 19041 (10.0.19041.1023)
HyperV virtualization detected

CPU:total 8 (initial active 8) (8 cores per cpu, 2 threads per core) family 23 model 24 stepping 1, cmov, cx8, fxsr, mmx, sse, sse2, sse3, ssse3, sse4.1, sse4.2, popcnt, avx, avx2, aes, clmul, mmxext, 3dnowpref, lzcnt, sse4a, ht, tsc, tscinvbit, tscinv, bmi1, bmi2, adx, sha, fma

Memory: 4k page, system-wide physical 6082M (240M free)
TotalPageFile size 24514M (AvailPageFile size 73M)
current process WorkingSet (physical memory assigned to process): 10M, peak: 10M
current process commit charge ("private bytes"): 59M, peak: 155M

vm_info: OpenJDK 64-Bit Server VM (11.0.5+10-b520.38) for windows-amd64 JRE (11.0.5+10-b520.38), built on Jan 23 2020 07:58:32 by "" with MS VC++ 14.0 (VS2015)

END.
